2022-03-05 14:50:43.619809| amet tristiqu
2022-03-05 14:50:45.533532|lor sit amet, con
2022-03-05 14:50:45.930565|secte
2022-03-05 14:50:46.294637|ctetur adipiscing elit. Proin tempor et nun
2022-03-05 14:50:46.660685|g elit. Proin tempor et nunc et bibendum. Sed e
2022-03-05 14:50:46.954003|n tempor et nunc et bibendum. Sed euismod ut nequ
2022-03-05 14:51:25.347165|ectetur adipiscing elit. Proin temp
2022-03-05 14:51:27.044937|m dolor sit amet, consectetur adipiscing elit. Proin tempor et nunc et bibendum. Sed euismod ut neque sit 
2022-03-05 14:51:27.703023|ectetur adipiscin
2022-03-05 14:51:28.201072|in tempor et nunc et bibendum. Sed euismod u
2022-03-05 14:51:28.706453|met, consectetur adipiscing elit. Proin tempor et nunc et bibendum. Sed e
2022-03-05 14:51:29.227764|tur adipi
2022-03-05 14:51:29.728887|it. Proin tempor et nunc et bibendum. Sed euismod ut neque s
2022-03-05 14:53:02.965540|m ipsum dolor sit amet, consectetur adipiscing elit. Proin tempor et nunc et bibendum. Sed eu
2022-03-05 14:53:03.889243|olor sit amet, consectetur adipiscing elit. Proin tempor et nunc et bibendum. Sed euismod ut neque sit amet tris
2022-03-05 14:53:04.595617|amet, consectetur adipiscing elit. Proin tempor et nunc e
2022-03-05 14:53:07.251438|ibendum. Sed euismod ut n
2022-03-05 14:53:09.981476| ut neque sit
2022-03-05 14:53:10.841370|m ipsum dolor sit
2022-03-05 14:53:12.139344|in tempor et n
2022-03-05 14:53:13.532252|c et bibendum. Sed euismod ut neque
2022-03-05 14:53:15.035690| consectetur adipiscing elit. Proin tempor et nunc et bib
2022-03-05 14:53:17.427982|sit am
2022-03-05 14:53:18.005624| euismod ut neque sit amet tris
2022-03-05 14:53:19.254140|u
2022-03-05 14:53:20.086334|t. Proin tempor et nunc et bibendum. Sed euismod ut neque sit amet trist
2022-03-05 14:53:20.746657|m dolor sit amet, consectetur adi
2022-03-05 14:53:20.778568|rem ipsum dolor sit amet, consectetur adipi
2022-03-05 14:53:22.625152|Proin tempor et nunc et bibendum. Sed euismod 
2022-03-05 14:53:24.119163|psum dol
2022-03-05 14:53:26.465071| adipiscing elit. Proin tempor et
2022-03-05 14:53:27.870943|iscing elit. Proin tempor e
2022-03-05 14:53:28.011782|nsectetur adipiscing elit. Proin
2022-03-05 14:53:28.106367|Lorem ipsu
2022-03-05 14:53:28.704553|or et nunc et bibendum. Sed euism
2022-03-05 14:53:30.625124|onsectetur adipiscing elit. Proin tempor et nunc et bibendum. Sed euismod
2022-03-05 14:53:32.531112| et nunc et bibendum. Sed euismod ut 
2022-03-05 14:53:35.104205| Sed euism
2022-03-05 14:53:36.383786|olor sit amet, consectetur adipi
2022-03-05 14:53:39.314277|sit 
2022-03-05 14:53:40.210839|ibendum. Sed euismod ut neque sit amet tri
2022-03-05 14:53:40.508352|m do
2022-03-05 14:53:41.659527|ctetur adipiscing elit. Proin tempor et nunc 
2022-03-05 14:53:44.620945|ectetur adipiscing elit. Proin tempor et nu
2022-03-05 14:53:45.533242| amet, consectetur adipiscing elit. Proin tempor et nunc et bibendum. Sed 
2022-03-05 14:53:45.692373|bibendum. Sed euismod ut neque 
2022-03-05 14:53:47.496119|rem ipsum dolor sit amet, consectetur adipis
2022-03-05 14:53:50.336959|unc et
2022-03-05 14:53:53.207387| sit amet, consectetur adipiscing elit. Proin t
2022-03-05 14:53:55.956140|m ipsum dolor sit ame
2022-03-05 14:53:57.673850|tetur adipis
2022-03-05 14:53:58.494668| consectetur adipiscing elit. Proin tempor et nunc et bibendum. Sed euismod ut neque sit
2022-03-05 14:54:00.825419|. Proin tempor et nunc et bibendum. Sed euismod ut neque sit amet tris
2022-03-05 14:54:03.070324|o
2022-03-05 14:54:04.460608|nsectetur adipiscing elit. P
2022-03-05 14:54:07.422969|sum dolor sit amet, consectetur adipiscing elit. Proin tempor et nunc et bibendum. Sed eui
2022-03-05 14:54:08.609940|. Proin tempor et nunc et bibendum. Sed euismod 
2022-03-05 14:54:08.904958| S
2022-03-05 14:54:09.668783|, consectetur adipisci
2022-03-05 14:54:10.950417|et nunc
2022-03-05 14:54:13.727779|ndum. Sed
2022-03-05 14:54:15.511902| sit amet, consectetur adipiscing elit. Proin tempor et nunc et bibendum. Sed euismod ut neque sit amet t
2022-03-05 14:54:15.635114|t, consectetur adipiscing elit. Proin tempor et nunc et bibendum. Sed euism
2022-03-05 14:54:16.524959|scing elit. Proin tempor et nunc
2022-03-05 14:54:16.556499|isti
2022-03-05 14:54:18.312958|. Se
2022-03-05 14:54:19.482869|dolor sit amet, consectetur adipiscing elit. Proin tempor et n
2022-03-05 14:54:21.432904|tetur adipisc
2022-03-05 14:54:21.464577| ipsum dolor sit amet, consectetur adipiscing elit. Proin tempor et nunc et bibendum. Sed euismod ut neque sit amet tr
2022-03-05 14:54:22.259511|bibendum. Sed eu
2022-03-05 14:54:22.571779|ing elit. Proin tempor e
2022-03-05 14:54:24.443820|d ut neque sit amet
2022-03-05 14:54:26.411527|dum. Sed euismod ut
2022-03-05 14:54:27.747356|
2022-03-05 14:54:27.873072|or sit amet, consectetur adipiscing elit. Proin tempor et nunc et bibendum. Se
2022-03-05 14:54:27.950609|consectetur adipiscing elit. Proin t
2022-03-05 14:54:29.286441|r adipiscing elit. Proin tempor et nunc et bibendum
2022-03-05 14:54:29.620394|um dolor sit amet, consectetur adipiscing elit. Proin te
2022-03-05 14:54:30.550353|. Proi
2022-03-05 14:54:31.888175|u
2022-03-05 14:54:34.514800|etur adipiscing elit. Proin tempor et nunc et bibendum. Sed euism
2022-03-05 14:54:37.331877|scing elit. Proin tempor et nunc et bibendum. Sed e
2022-03-05 14:54:37.552043|lor sit amet, consectetur adipiscing elit. Proin tempor et nunc et bibe
2022-03-05 14:54:39.002663|tur adipiscing elit. Proin t
2022-03-05 14:54:39.411447|lor sit amet, consectetur adipiscing elit. Proin 
2022-03-05 14:54:39.997303|c et bibendum. Sed eui
2022-03-05 14:54:40.424132|unc et bi
2022-03-05 14:54:41.972241| nunc et bibendum. Sed euismod ut neque sit amet 
2022-03-05 14:54:43.073199|sit ame
2022-03-05 14:54:43.230775|tur adipiscing elit. Proin tempor
2022-03-05 14:54:45.567969|m dolor
2022-03-05 14:54:46.434505|m ipsum dolor sit amet, consectetur adipiscing elit. Pr
2022-03-05 14:54:48.278241|Lorem ipsu
2022-03-05 14:54:51.173516| nunc et bibendum. Sed euism
2022-03-05 14:54:51.361585|orem ipsum dolor sit a
2022-03-05 14:54:54.194047|ur adipiscing elit. Proin t
2022-03-05 14:54:55.134025|d ut n
2022-03-05 14:54:56.872740|uismod ut neque sit amet t
2022-03-05 14:54:59.078228|g elit. Proin tempor et nunc 
2022-03-05 14:55:00.823135|t amet, consectetur adipiscing elit. Proin tempor et nunc et bibendum. Sed euismod ut neque sit amet tris
2022-03-05 14:55:00.901435|. Proin tempor 
2022-03-05 14:55:02.729264|rem ipsum dolor si
2022-03-05 14:55:04.986443|m ipsum dolor sit amet, consectetur adipisci
2022-03-05 14:55:06.578805| amet, consectetur adipiscing elit. Proin tempor et nunc et bibendum. Sed euismo
2022-03-05 14:55:07.503461|sum dolor sit amet, consectetur adipiscing elit. Proin
2022-03-05 14:55:07.863473|ing elit. Proin tempor et nunc et bibendum. Sed euismod ut neque
2022-03-05 14:55:09.784954|lor sit amet, consectetur adipiscing elit. Proin tempor et nunc et bibendum. Sed euismod 
2022-03-05 14:55:11.099714|it amet, consectetu
2022-03-05 14:55:11.626704|Lorem ipsum dolor s
2022-03-05 14:55:13.180973| nunc et bibendum. Sed euismo
2022-03-05 14:55:14.116510|et bibendum. Sed euismod ut 
2022-03-05 14:55:15.004537|dolor sit amet, consectetur adipiscing elit. Proin 
2022-03-05 14:55:17.597226|smod ut neq
2022-03-05 14:55:20.407281|orem ipsum dolor sit amet, consectetur adipiscing elit. P
2022-03-05 14:55:20.610548| ipsum dolor sit amet, consectetur adipiscing elit. Proin tempor et nunc et bibendum. Sed euismod ut neque sit amet t
2022-03-05 14:55:21.086625|tempor et nunc et bibendum. Sed euismod
2022-03-05 14:55:21.289767|ng elit. Proin tempor et nunc et bibendum. Sed e
2022-03-05 14:55:23.799035|cing elit. Proin tempor et nunc e
2022-03-05 14:55:26.449609|
2022-03-05 14:55:26.715122|onsectetur adipiscing elit. Proin tempor et nunc et bibendum. Sed euismod ut neque sit amet 
2022-03-05 14:55:28.197792|em ipsum dolor sit amet, consectetur adipiscing elit. Proin tempor et nunc et bibendum
2022-03-05 14:55:30.114173|m ipsum dolor sit amet, consectetur adipiscing elit. Proin tempor et nunc et bibendum. 
2022-03-05 14:55:31.398314|mpor et nunc et bib
2022-03-05 14:55:33.760641|Lorem ipsum dolor sit amet, consectetur
2022-03-05 14:55:35.263321|sum dolor sit amet, consectetur adipiscing elit. Proin tempor et nunc et bibendum. Sed euismod 
2022-03-05 14:55:35.687895|met, consectetur adipiscing elit. 
2022-03-05 14:55:38.213565|nsectetur adipiscing elit. Proin tempor et nunc 
2022-03-05 14:55:39.937306|consectetur adipiscing elit. Proin temp
2022-03-05 14:55:40.901629|sum dolor sit amet, c
2022-03-05 14:55:42.341198|nunc et bi
2022-03-05 14:55:43.170578|sectetur adipiscing elit. Proin tempor et nunc 
2022-03-05 14:55:43.419697|or sit amet, consectetur adipiscing elit. Proin tempor et nunc et bibe
2022-03-05 14:55:44.353288|scing elit. Proin tempor et nunc et bibendum. Sed eu
2022-03-05 14:55:44.884951|m dolor sit am
2022-03-05 14:55:47.571559|dolor sit amet, consectetur adipiscing elit. Proin tem
2022-03-05 14:55:48.566547|Lorem ipsum dolor sit amet, c
2022-03-05 14:55:48.942590|m dolor sit amet, consectetur adipiscing elit. Proin tempor et nunc et bibendum. Sed euismo
2022-03-05 14:55:49.462241|t amet, consectetur adipiscing elit. Proin tempor et nunc et bibendum. Sed euismod ut 
2022-03-05 14:55:51.329288| Sed eu
2022-03-05 14:55:52.022341|, consect
2022-03-05 14:55:53.724058|m ipsum dolor sit amet, conse
2022-03-05 14:55:56.355227|ectetur adipiscing elit. Proin tempor et nunc et bibendum. Sed euismod ut neque sit amet tri
2022-03-05 14:55:57.596246|scing elit. Proin tempor et nunc et bibendum. Sed euis
2022-03-05 14:56:00.092729|it. Proin tempor et nunc 
2022-03-05 14:56:03.015362| amet, consectetur adipiscing elit. Proin tempor et nunc et bibendum. Sed
2022-03-05 14:56:05.770057|rem ipsum dolor sit amet, consectetur adipiscing elit. Proin tempor et nunc et bibendum. Sed euismod ut neque sit amet t
2022-03-05 14:56:07.294653|onsectetur adipiscing elit. Proin tempor et nunc et bibendum. Sed euismod ut neque
2022-03-05 14:56:09.445183|nunc et bibendum. Sed euismod ut nequ
2022-03-05 14:56:12.089875| Sed euismod ut neque sit amet t
2022-03-05 14:56:14.595906|tetur ad
2022-03-05 14:56:16.463358|sum dolor sit amet, consectetur adipiscing elit. Proin tempor et nunc et bibendum. Sed euismod ut neque sit a
2022-03-05 14:56:16.763632|nsectetur adipiscing elit. Proin tempor et nunc et bibendum. Sed euismod ut neque sit 
2022-03-05 14:57:06.529202|cing elit. Proin tempor et nunc et bibendum. Sed euismod ut neque sit amet trist
2022-03-05 14:57:07.392400|roin tempor et nunc et
2022-03-05 14:57:09.734064|endum. Sed e
2022-03-05 14:57:11.594621|nunc et b
2022-03-05 14:57:12.625568|que sit amet t
2022-03-05 14:57:13.413290|tetur adipiscing elit. Proin tempor et nunc et bi
2022-03-05 14:57:17.313112|Lorem ipsum dolor sit amet, consectetur
2022-03-05 14:57:19.103671|iscing elit. Proin tempor et nunc et bibendum. Sed euismod ut neque sit
2022-03-05 14:57:21.575299|oin tempor et nunc et bibendum. Sed euismod ut neque sit amet 
2022-03-05 14:57:24.215268|ndum. Sed euismod ut nequ
2022-03-05 14:57:28.935882|ipsum dolor sit amet, consectetur adipiscing elit. Proin tempor et nunc et bibendum. Sed e
2022-03-05 14:57:30.339838|ed euismod ut neque sit amet 
2022-03-05 14:57:31.696365|nunc et
2022-03-05 14:57:33.025540|euismod 
2022-03-05 14:57:34.573147|empor et nunc et b
2022-03-05 14:57:37.150201|ur adipiscing elit
2022-03-05 14:57:37.816286|t neque sit amet tris
2022-03-05 14:57:39.276872|endum. Sed euismod ut neque 
2022-03-05 14:57:41.397461|empor et nunc et bib
2022-03-05 14:57:41.492740|Lorem ipsum dolor sit amet, consectetur adipiscing elit. Proin tempor et nunc et 
2022-03-05 14:57:44.268949|od ut neque sit
2022-03-05 14:57:45.068510|ctetur adipiscing elit. Proin tempor et nunc et bibend
2022-03-05 14:57:45.811292|piscing elit. Proin tempor et nunc et bibend
2022-03-05 14:57:47.180756|Proin tempor et nunc et bibendum. Sed euismod ut neque sit amet
2022-03-05 14:57:49.969791|r adipiscing elit. Proin tempor et
2022-03-05 14:57:52.747641|amet, consectetur ad
2022-03-05 14:57:55.448850|bibendum. Sed euismod ut neque sit
2022-03-05 15:33:41.807280|onsectetur adipiscing elit. Proin tempor et nunc et bibendum
2022-03-05 15:33:48.318924|lor sit amet, consectetur adipiscing elit. Proin tempor et nunc et bibe
